<?xml version="1.0" encoding="UTF-8"?>
<!-- Generated by org.testng.reporters.JUnitXMLReporter -->
<testsuite hostname="Pavithra" ignored="0" name="Default test" tests="3" failures="0" timestamp="2020-09-20T20:10:16 BST" time="4.323" errors="0">
  <testcase name="getLocation" time="3.882" classname="getRequest.GetData"/>
  <testcase name="responseTime" time="0.176" classname="getRequest.GetData"/>
  <testcase name="testResponseCode" time="0.17" classname="getRequest.GetData"/>
</testsuite> <!-- Default test -->
